<?xml version="1.0" encoding="UTF-8"?>
<!-- Generated by org.testng.reporters.JUnitReportReporter -->
<testsuite hostname="DESKTOP-GI0UCAR" failures="0" tests="1" name="com.expedia.flightsbooking.KeyPressDemo1" time="5.828" errors="0" timestamp="2024-01-07T11:04:56 EST" skipped="0">
  <testcase classname="com.expedia.flightsbooking.KeyPressDemo1" name="testKeyPress" time="5.828"/>
</testsuite> <!-- com.expedia.flightsbooking.KeyPressDemo1 -->
