<?xml version="1.0" encoding="UTF-8"?>
<!-- Generated by org.testng.reporters.JUnitReportReporter -->
<testsuite hostname="DESKTOP-GI0UCAR" failures="0" tests="4" name="com.expedia.flightsbooking.TestNG_Grouping" time="0.009" errors="0" timestamp="2024-01-08T10:40:11 EST" skipped="0">
  <testcase classname="com.expedia.flightsbooking.TestNG_Grouping" name="testAudiA6" time="0.005"/>
  <testcase classname="com.expedia.flightsbooking.TestNG_Grouping" name="testNinja" time="0.001"/>
  <testcase classname="com.expedia.flightsbooking.TestNG_Grouping" name="testBMWX6" time="0.001"/>
  <testcase classname="com.expedia.flightsbooking.TestNG_Grouping" name="testHondaCBR" time="0.002"/>
</testsuite> <!-- com.expedia.flightsbooking.TestNG_Grouping -->
