<?xml version="1.0" encoding="UTF-8"?>
<!-- Generated by org.testng.reporters.JUnitReportReporter -->
<testsuite hostname="DESKTOP-GI0UCAR" failures="0" tests="2" name="com.expedia.flightsbooking.TestNG_TestClass1" time="0.006" errors="0" timestamp="2024-01-04T23:24:41 EST" skipped="0">
  <testcase classname="com.expedia.flightsbooking.TestNG_TestClass1" name="testMethod2" time="0.002"/>
  <testcase classname="com.expedia.flightsbooking.TestNG_TestClass1" name="testMethod1" time="0.004"/>
</testsuite> <!-- com.expedia.flightsbooking.TestNG_TestClass1 -->
